{"uuid":"1b544f04-5573-4154-b9f3-efb3be427f1c","historyId":"4d5c9f9443c97cae85d3def3b4516586","testCaseId":"[engine:junit-jupiter]/[class:test.StudentTopUpTest]/[method:shouldProceedToEuroPayment8FamilialLessons()]","testCaseName":"23. 8 Lessons Euro Familial Package Payment Page","fullName":"test.StudentTopUpTest.shouldProceedToEuroPayment8FamilialLessons","labels":[{"name":"junit.platform.uniqueid","value":"[engine:junit-jupiter]/[class:test.StudentTopUpTest]/[method:shouldProceedToEuroPayment8FamilialLessons()]"},{"name":"host","value":"DESKTOP-84P9B6H"},{"name":"thread","value":"10248@DESKTOP-84P9B6H.Test worker(1)"},{"name":"framework","value":"junit-platform"},{"name":"language","value":"java"},{"name":"package","value":"test.StudentTopUpTest"},{"name":"testClass","value":"test.StudentTopUpTest"},{"name":"testMethod","value":"shouldProceedToEuroPayment8FamilialLessons"},{"name":"suite","value":"test.StudentTopUpTest"}],"links":[],"name":"23. 8 Lessons Euro Familial Package Payment Page","status":"broken","statusDetails":{"known":false,"muted":false,"flaky":false,"message":"Expected condition failed: waiting for visibility of Proxy element for: DefaultElementLocator 'By.xpath: //*[@id='app']/div[1]/div[1]/div/div[1]/div[3]/div[3]/a/button/div' (tried for 120 second(s) with 500 milliseconds interval)","trace":"org.openqa.selenium.TimeoutException: Expected condition failed: waiting for visibility of Proxy element for: DefaultElementLocator 'By.xpath: //*[@id='app']/div[1]/div[1]/div/div[1]/div[3]/div[3]/a/button/div' (tried for 120 second(s) with 500 milliseconds interval)\r\n\tat org.openqa.selenium.support.ui.WebDriverWait.timeoutException(WebDriverWait.java:84)\r\n\tat org.openqa.selenium.support.ui.FluentWait.until(FluentWait.java:228)\r\n\tat test.StudentTopUpTest.shouldProceedToEuroPayment8FamilialLessons(StudentTopUpTest.java:394)\r\n\tat java.base/java.lang.reflect.Method.invoke(Method.java:566)\r\n\tat java.base/java.util.ArrayList.forEach(ArrayList.java:1541)\r\n\tat java.base/java.util.ArrayList.forEach(ArrayList.java:1541)\r\nCaused by: org.openqa.selenium.NoSuchElementException: no such element: Unable to locate element: {\"method\":\"xpath\",\"selector\":\"//*[@id='app']/div[1]/div[1]/div/div[1]/div[3]/div[3]/a/button/div\"}\n  (Session info: chrome=125.0.6422.113)\nFor documentation on this error, please visit: https://www.selenium.dev/documentation/webdriver/troubleshooting/errors#no-such-element-exception\nBuild info: version: '4.19.1', revision: 'abe0ee07dc'\nSystem info: os.name: 'Windows 10', os.arch: 'amd64', os.version: '10.0', java.version: '11.0.15'\nDriver info: org.openqa.selenium.chrome.ChromeDriver\nCommand: [dc0a87eb9925d5fb4aa5df7949d17ce7, findElement {using=xpath, value=//*[@id='app']/div[1]/div[1]/div/div[1]/div[3]/div[3]/a/button/div}]\nCapabilities {acceptInsecureCerts: false, browserName: chrome, browserVersion: 125.0.6422.113, chrome: {chromedriverVersion: 125.0.6422.78 (14db42ec38ad..., userDataDir: C:\\Users\\asus\\AppData\\Local...}, fedcm:accounts: true, goog:chromeOptions: {debuggerAddress: localhost:60196}, networkConnectionEnabled: false, pageLoadStrategy: normal, platformName: windows, proxy: Proxy(), se:cdp: ws://localhost:60196/devtoo..., se:cdpVersion: 125.0.6422.113, setWindowRect: true, strictFileInteractability: false, timeouts: {implicit: 0, pageLoad: 300000, script: 30000}, unhandledPromptBehavior: dismiss and notify, webauthn:extension:credBlob: true, webauthn:extension:largeBlob: true, webauthn:extension:minPinLength: true, webauthn:extension:prf: true, webauthn:virtualAuthenticators: true}\nSession ID: dc0a87eb9925d5fb4aa5df7949d17ce7\r\n\tat jdk.internal.reflect.GeneratedConstructorAccessor22.newInstance(Unknown Source)\r\n\tat java.base/jdk.internal.reflect.DelegatingConstructorAccessorImpl.newInstance(DelegatingConstructorAccessorImpl.java:45)\r\n\tat java.base/java.lang.reflect.Constructor.newInstance(Constructor.java:490)\r\n\tat org.openqa.selenium.remote.ErrorCodec.decode(ErrorCodec.java:167)\r\n\tat org.openqa.selenium.remote.codec.w3c.W3CHttpResponseCodec.decode(W3CHttpResponseCodec.java:138)\r\n\tat org.openqa.selenium.remote.codec.w3c.W3CHttpResponseCodec.decode(W3CHttpResponseCodec.java:50)\r\n\tat org.openqa.selenium.remote.HttpCommandExecutor.execute(HttpCommandExecutor.java:190)\r\n\tat org.openqa.selenium.remote.service.DriverCommandExecutor.invokeExecute(DriverCommandExecutor.java:216)\r\n\tat org.openqa.selenium.remote.service.DriverCommandExecutor.execute(DriverCommandExecutor.java:174)\r\n\tat org.openqa.selenium.remote.RemoteWebDriver.execute(RemoteWebDriver.java:518)\r\n\tat org.openqa.selenium.remote.ElementLocation$ElementFinder$2.findElement(ElementLocation.java:165)\r\n\tat org.openqa.selenium.remote.ElementLocation.findElement(ElementLocation.java:59)\r\n\tat org.openqa.selenium.remote.RemoteWebDriver.findElement(RemoteWebDriver.java:355)\r\n\tat org.openqa.selenium.remote.RemoteWebDriver.findElement(RemoteWebDriver.java:349)\r\n\tat org.openqa.selenium.support.pagefactory.DefaultElementLocator.findElement(DefaultElementLocator.java:68)\r\n\tat org.openqa.selenium.support.pagefactory.internal.LocatingElementHandler.invoke(LocatingElementHandler.java:38)\r\n\tat com.sun.proxy.$Proxy19.isDisplayed(Unknown Source)\r\n\tat org.openqa.selenium.support.ui.ExpectedConditions.elementIfVisible(ExpectedConditions.java:304)\r\n\tat org.openqa.selenium.support.ui.ExpectedConditions$10.apply(ExpectedConditions.java:290)\r\n\tat org.openqa.selenium.support.ui.ExpectedConditions$10.apply(ExpectedConditions.java:287)\r\n\tat org.openqa.selenium.support.ui.FluentWait.until(FluentWait.java:203)\r\n\t... 4 more\r\n"},"stage":"finished","description":"","steps":[],"attachments":[],"parameters":[],"start":1717073586561,"stop":1717073706621}