<?xml version="1.0" encoding="UTF-8"?>
<testsuite name="test.StudentMainPageTest" tests="6" skipped="0" failures="1" errors="0" timestamp="2024-05-06T11:36:43" hostname="DESKTOP-84P9B6H" time="104.322">
  <properties/>
  <testcase name="0. Valid Credential Account Log In Test" classname="test.StudentMainPageTest" time="10.413"/>
  <testcase name="1. Google Play Button Test" classname="test.StudentMainPageTest" time="0.814"/>
  <testcase name="2. App Store Button Test" classname="test.StudentMainPageTest" time="60.113">
    <failure message="org.openqa.selenium.TimeoutException: Expected condition failed: waiting for visibility of Proxy element for: DefaultElementLocator 'By.xpath: //*[@id='app']/div[1]/div[1]/div[2]/div[1]/div[1]/div[2]/a[2]/svg' (tried for 60 second(s) with 500 milliseconds interval)" type="org.openqa.selenium.TimeoutException">org.openqa.selenium.TimeoutException: Expected condition failed: waiting for visibility of Proxy element for: DefaultElementLocator 'By.xpath: //*[@id='app']/div[1]/div[1]/div[2]/div[1]/div[1]/div[2]/a[2]/svg' (tried for 60 second(s) with 500 milliseconds interval)
	at app//org.openqa.selenium.support.ui.WebDriverWait.timeoutException(WebDriverWait.java:84)
	at app//org.openqa.selenium.support.ui.FluentWait.until(FluentWait.java:228)
	at app//test.StudentMainPageTest.goToAppStore(StudentMainPageTest.java:93)
	at java.base@11.0.15/java.lang.reflect.Method.invoke(Method.java:566)
	at java.base@11.0.15/java.util.ArrayList.forEach(ArrayList.java:1541)
	at java.base@11.0.15/java.util.ArrayList.forEach(ArrayList.java:1541)
Caused by: org.openqa.selenium.NoSuchElementException: no such element: Unable to locate element: {&quot;method&quot;:&quot;xpath&quot;,&quot;selector&quot;:&quot;//*[@id='app']/div[1]/div[1]/div[2]/div[1]/div[1]/div[2]/a[2]/svg&quot;}
  (Session info: chrome-headless-shell=124.0.6367.119)
For documentation on this error, please visit: https://www.selenium.dev/documentation/webdriver/troubleshooting/errors#no-such-element-exception
Build info: version: '4.19.1', revision: 'abe0ee07dc'
System info: os.name: 'Windows 10', os.arch: 'amd64', os.version: '10.0', java.version: '11.0.15'
Driver info: org.openqa.selenium.chrome.ChromeDriver
Command: [28d978e964cb7b2ad997e77bedef5350, findElement {value=//*[@id='app']/div[1]/div[1]/div[2]/div[1]/div[1]/div[2]/a[2]/svg, using=xpath}]
Capabilities {acceptInsecureCerts: false, browserName: chrome-headless-shell, browserVersion: 124.0.6367.119, chrome: {chromedriverVersion: 124.0.6367.91 (51df0e5e17a8..., userDataDir: C:\Users\asus\AppData\Local...}, fedcm:accounts: true, goog:chromeOptions: {debuggerAddress: localhost:60969}, networkConnectionEnabled: false, pageLoadStrategy: normal, platformName: windows, proxy: Proxy(), se:cdp: ws://localhost:60969/devtoo..., se:cdpVersion: 124.0.6367.119, setWindowRect: true, strictFileInteractability: false, timeouts: {implicit: 0, pageLoad: 300000, script: 30000}, unhandledPromptBehavior: dismiss and notify, webauthn:extension:credBlob: true, webauthn:extension:largeBlob: true, webauthn:extension:minPinLength: true, webauthn:extension:prf: true, webauthn:virtualAuthenticators: true}
Session ID: 28d978e964cb7b2ad997e77bedef5350
	at jdk.internal.reflect.GeneratedConstructorAccessor23.newInstance(Unknown Source)
	at java.base@11.0.15/jdk.internal.reflect.DelegatingConstructorAccessorImpl.newInstance(DelegatingConstructorAccessorImpl.java:45)
	at java.base@11.0.15/java.lang.reflect.Constructor.newInstance(Constructor.java:490)
	at app//org.openqa.selenium.remote.ErrorCodec.decode(ErrorCodec.java:167)
	at app//org.openqa.selenium.remote.codec.w3c.W3CHttpResponseCodec.decode(W3CHttpResponseCodec.java:138)
	at app//org.openqa.selenium.remote.codec.w3c.W3CHttpResponseCodec.decode(W3CHttpResponseCodec.java:50)
	at app//org.openqa.selenium.remote.HttpCommandExecutor.execute(HttpCommandExecutor.java:190)
	at app//org.openqa.selenium.remote.service.DriverCommandExecutor.invokeExecute(DriverCommandExecutor.java:216)
	at app//org.openqa.selenium.remote.service.DriverCommandExecutor.execute(DriverCommandExecutor.java:174)
	at app//org.openqa.selenium.remote.RemoteWebDriver.execute(RemoteWebDriver.java:518)
	at app//org.openqa.selenium.remote.ElementLocation$ElementFinder$2.findElement(ElementLocation.java:165)
	at app//org.openqa.selenium.remote.ElementLocation.findElement(ElementLocation.java:59)
	at app//org.openqa.selenium.remote.RemoteWebDriver.findElement(RemoteWebDriver.java:355)
	at app//org.openqa.selenium.remote.RemoteWebDriver.findElement(RemoteWebDriver.java:349)
	at app//org.openqa.selenium.support.pagefactory.DefaultElementLocator.findElement(DefaultElementLocator.java:68)
	at app//org.openqa.selenium.support.pagefactory.internal.LocatingElementHandler.invoke(LocatingElementHandler.java:38)
	at app//com.sun.proxy.$Proxy20.isDisplayed(Unknown Source)
	at app//org.openqa.selenium.support.ui.ExpectedConditions.elementIfVisible(ExpectedConditions.java:304)
	at app//org.openqa.selenium.support.ui.ExpectedConditions$10.apply(ExpectedConditions.java:290)
	at app//org.openqa.selenium.support.ui.ExpectedConditions$10.apply(ExpectedConditions.java:287)
	at app//org.openqa.selenium.support.ui.FluentWait.until(FluentWait.java:203)
	... 4 more
</failure>
  </testcase>
  <testcase name="3. VK Button Test" classname="test.StudentMainPageTest" time="11.048"/>
  <testcase name="4. Instagram Button Test" classname="test.StudentMainPageTest" time="21.293"/>
  <testcase name="4. Facebook Button Test" classname="test.StudentMainPageTest" time="0.334"/>
  <system-out><![CDATA[14:36:13.431 [Test worker] DEBUG io.github.bonigarcia.wdm.WebDriverManager - Using WebDriverManager 5.8.0
14:36:13.449 [Test worker] DEBUG io.github.bonigarcia.wdm.cache.ResolutionCache - Resolution chrome=124 in cache (valid until 15:33:11 06/05/2024 MSK)
14:36:13.450 [Test worker] DEBUG io.github.bonigarcia.wdm.cache.ResolutionCache - Resolution chrome124=124.0.6367.91 in cache (valid until 14:33:11 07/05/2024 MSK)
14:36:13.450 [Test worker] INFO io.github.bonigarcia.wdm.WebDriverManager - Using chromedriver 124.0.6367.91 (resolved driver for Chrome 124)
14:36:13.461 [Test worker] DEBUG io.github.bonigarcia.wdm.WebDriverManager - Driver chromedriver 124.0.6367.91 found in cache
14:36:13.461 [Test worker] INFO io.github.bonigarcia.wdm.WebDriverManager - Exporting webdriver.chrome.driver as C:\Users\asus\.cache\selenium\chromedriver\win64\124.0.6367.91\chromedriver.exe
]]></system-out>
  <system-err><![CDATA[мая 06, 2024 2:36:32 PM org.openqa.selenium.devtools.CdpVersionFinder findNearestMatch
WARNING: Unable to find an exact match for CDP version 124, returning the closest version; found: 123; Please update to a Selenium version that supports CDP version 124
]]></system-err>
</testsuite>
