<?xml version="1.0" encoding="UTF-8"?>
<testsuite name="test.StudentDictionaryPageTest" tests="5" skipped="0" failures="1" errors="0" timestamp="2024-10-01T10:36:51" hostname="X542U" time="18.102">
  <properties/>
  <testcase name="1. Checking Todays Words Tab Opens" classname="test.StudentDictionaryPageTest" time="15.227">
    <failure message="java.lang.AssertionError" type="java.lang.AssertionError">java.lang.AssertionError
	at test.StudentDictionaryPageTest.shouldCheckTodaysWordsTab(StudentDictionaryPageTest.java:57)
	at java.base/java.lang.reflect.Method.invoke(Method.java:566)
	at java.base/java.util.ArrayList.forEach(ArrayList.java:1541)
	at java.base/java.util.ArrayList.forEach(ArrayList.java:1541)
</failure>
  </testcase>
  <testcase name="2. Checking Words Of The Week Tab Opens" classname="test.StudentDictionaryPageTest" time="1.206"/>
  <testcase name="3. Checking Words Of The Months Tab Opens" classname="test.StudentDictionaryPageTest" time="0.791"/>
  <testcase name="4. Checking Words Of 3 Months Tab Opens" classname="test.StudentDictionaryPageTest" time="0.433"/>
  <testcase name="5. Checking All Words Tab Opens" classname="test.StudentDictionaryPageTest" time="0.363"/>
  <system-out><![CDATA[13:36:45.995 [Test worker] DEBUG io.github.bonigarcia.wdm.WebDriverManager - Using WebDriverManager 5.9.2
13:36:46.030 [Test worker] DEBUG io.github.bonigarcia.wdm.cache.ResolutionCache - Resolution chrome=129 in cache (valid until 14:35:38 01/10/2024 MSK)
13:36:46.035 [Test worker] DEBUG io.github.bonigarcia.wdm.cache.ResolutionCache - Resolution chrome129=129.0.6668.70 in cache (valid until 13:35:38 02/10/2024 MSK)
13:36:46.035 [Test worker] INFO io.github.bonigarcia.wdm.WebDriverManager - Using chromedriver 129.0.6668.70 (resolved driver for Chrome 129)
13:36:46.088 [Test worker] DEBUG io.github.bonigarcia.wdm.WebDriverManager - Driver chromedriver 129.0.6668.70 found in cache
13:36:46.091 [Test worker] INFO io.github.bonigarcia.wdm.WebDriverManager - Exporting webdriver.chrome.driver as C:\Users\admin\.cache\selenium\chromedriver\win64\129.0.6668.70\chromedriver.exe
]]></system-out>
  <system-err><![CDATA[окт. 01, 2024 1:36:47 PM org.openqa.selenium.devtools.CdpVersionFinder findNearestMatch
WARNING: Unable to find an exact match for CDP version 129, returning the closest version; found: 127; Please update to a Selenium version that supports CDP version 129
]]></system-err>
</testsuite>
