<!DOCTYPE html>
<html>
<head>
<meta http-equiv="Content-Type" content="text/html; charset=utf-8"/>
<meta http-equiv="x-ua-compatible" content="IE=edge"/>
<title>Test results - StudentTopUpTest</title>
<link href="../css/base-style.css" rel="stylesheet" type="text/css"/>
<link href="../css/style.css" rel="stylesheet" type="text/css"/>
<script src="../js/report.js" type="text/javascript"></script>
</head>
<body>
<div id="content">
<h1>StudentTopUpTest</h1>
<div class="breadcrumbs">
<a href="../index.html">all</a> &gt; 
<a href="../packages/test.html">test</a> &gt; StudentTopUpTest</div>
<div id="summary">
<table>
<tr>
<td>
<div class="summaryGroup">
<table>
<tr>
<td>
<div class="infoBox" id="tests">
<div class="counter">20</div>
<p>tests</p>
</div>
</td>
<td>
<div class="infoBox" id="failures">
<div class="counter">2</div>
<p>failures</p>
</div>
</td>
<td>
<div class="infoBox" id="ignored">
<div class="counter">0</div>
<p>ignored</p>
</div>
</td>
<td>
<div class="infoBox" id="duration">
<div class="counter">2m53.29s</div>
<p>duration</p>
</div>
</td>
</tr>
</table>
</div>
</td>
<td>
<div class="infoBox failures" id="successRate">
<div class="percent">90%</div>
<p>successful</p>
</div>
</td>
</tr>
</table>
</div>
<div id="tabs">
<ul class="tabLinks">
<li>
<a href="#tab0">Failed tests</a>
</li>
<li>
<a href="#tab1">Tests</a>
</li>
<li>
<a href="#tab2">Standard output</a>
</li>
<li>
<a href="#tab3">Standard error</a>
</li>
</ul>
<div id="tab0" class="tab">
<h2>Failed tests</h2>
<div class="test">
<a name="shouldChangeEuroCurrency()"></a>
<h3 class="failures">3. Changing Currency To Euro</h3>
<span class="code">
<pre>org.openqa.selenium.NoSuchElementException: no such element: Unable to locate element: {&quot;method&quot;:&quot;css selector&quot;,&quot;selector&quot;:&quot;#app &gt; div.sc-fAMvPz.hYmqKs &gt; div.sc-bvLVNa.emKVs &gt; div &gt; div.sc-jcpbFC.jrZGnu &gt; div.sc-kcrxFD.sc-kgDXlb.yMFRh.iweMUZ &gt; div.sc-humkjy.iIVYAb &gt; div &gt; div.sc-ZgWHV.eunnxU &gt; div:nth-child(2)&quot;}
  (Session info: chrome-headless-shell=124.0.6367.119)
For documentation on this error, please visit: https://www.selenium.dev/documentation/webdriver/troubleshooting/errors#no-such-element-exception
Build info: version: '4.19.1', revision: 'abe0ee07dc'
System info: os.name: 'Windows 10', os.arch: 'amd64', os.version: '10.0', java.version: '11.0.15'
Driver info: org.openqa.selenium.chrome.ChromeDriver
Command: [9d16f273b92706335f0df014312c812c, findElement {value=#app &gt; div.sc-fAMvPz.hYmqKs &gt; div.sc-bvLVNa.emKVs &gt; div &gt; div.sc-jcpbFC.jrZGnu &gt; div.sc-kcrxFD.sc-kgDXlb.yMFRh.iweMUZ &gt; div.sc-humkjy.iIVYAb &gt; div &gt; div.sc-ZgWHV.eunnxU &gt; div:nth-child(2), using=css selector}]
Capabilities {acceptInsecureCerts: false, browserName: chrome-headless-shell, browserVersion: 124.0.6367.119, chrome: {chromedriverVersion: 124.0.6367.91 (51df0e5e17a8..., userDataDir: C:\Users\asus\AppData\Local...}, fedcm:accounts: true, goog:chromeOptions: {debuggerAddress: localhost:61219}, networkConnectionEnabled: false, pageLoadStrategy: normal, platformName: windows, proxy: Proxy(), se:cdp: ws://localhost:61219/devtoo..., se:cdpVersion: 124.0.6367.119, setWindowRect: true, strictFileInteractability: false, timeouts: {implicit: 0, pageLoad: 300000, script: 30000}, unhandledPromptBehavior: dismiss and notify, webauthn:extension:credBlob: true, webauthn:extension:largeBlob: true, webauthn:extension:minPinLength: true, webauthn:extension:prf: true, webauthn:virtualAuthenticators: true}
Session ID: 9d16f273b92706335f0df014312c812c
	at jdk.internal.reflect.GeneratedConstructorAccessor23.newInstance(Unknown Source)
	at java.base@11.0.15/jdk.internal.reflect.DelegatingConstructorAccessorImpl.newInstance(DelegatingConstructorAccessorImpl.java:45)
	at java.base@11.0.15/java.lang.reflect.Constructor.newInstance(Constructor.java:490)
	at app//org.openqa.selenium.remote.ErrorCodec.decode(ErrorCodec.java:167)
	at app//org.openqa.selenium.remote.codec.w3c.W3CHttpResponseCodec.decode(W3CHttpResponseCodec.java:138)
	at app//org.openqa.selenium.remote.codec.w3c.W3CHttpResponseCodec.decode(W3CHttpResponseCodec.java:50)
	at app//org.openqa.selenium.remote.HttpCommandExecutor.execute(HttpCommandExecutor.java:190)
	at app//org.openqa.selenium.remote.service.DriverCommandExecutor.invokeExecute(DriverCommandExecutor.java:216)
	at app//org.openqa.selenium.remote.service.DriverCommandExecutor.execute(DriverCommandExecutor.java:174)
	at app//org.openqa.selenium.remote.RemoteWebDriver.execute(RemoteWebDriver.java:518)
	at app//org.openqa.selenium.remote.ElementLocation$ElementFinder$2.findElement(ElementLocation.java:165)
	at app//org.openqa.selenium.remote.ElementLocation.findElement(ElementLocation.java:59)
	at app//org.openqa.selenium.remote.RemoteWebDriver.findElement(RemoteWebDriver.java:355)
	at app//org.openqa.selenium.remote.RemoteWebDriver.findElement(RemoteWebDriver.java:349)
	at app//org.openqa.selenium.support.pagefactory.DefaultElementLocator.findElement(DefaultElementLocator.java:68)
	at app//org.openqa.selenium.support.pagefactory.internal.LocatingElementHandler.invoke(LocatingElementHandler.java:38)
	at app//com.sun.proxy.$Proxy20.click(Unknown Source)
	at app//test.StudentTopUpTest.shouldChangeEuroCurrency(StudentTopUpTest.java:99)
	at java.base@11.0.15/java.lang.reflect.Method.invoke(Method.java:566)
	at java.base@11.0.15/java.util.ArrayList.forEach(ArrayList.java:1541)
	at java.base@11.0.15/java.util.ArrayList.forEach(ArrayList.java:1541)
</pre>
</span>
</div>
<div class="test">
<a name="shouldChangeRubCurrency()"></a>
<h3 class="failures">4. Changing Currency To Rub</h3>
<span class="code">
<pre>org.openqa.selenium.NoSuchElementException: no such element: Unable to locate element: {&quot;method&quot;:&quot;css selector&quot;,&quot;selector&quot;:&quot;#app &gt; div.sc-fAMvPz.hYmqKs &gt; div.sc-bvLVNa.emKVs &gt; div &gt; div.sc-jcpbFC.jrZGnu &gt; div.sc-kcrxFD.sc-kgDXlb.yMFRh.iweMUZ &gt; div.sc-humkjy.iIVYAb &gt; div &gt; div.sc-ZgWHV.eunnxU &gt; div:nth-child(1)&quot;}
  (Session info: chrome-headless-shell=124.0.6367.119)
For documentation on this error, please visit: https://www.selenium.dev/documentation/webdriver/troubleshooting/errors#no-such-element-exception
Build info: version: '4.19.1', revision: 'abe0ee07dc'
System info: os.name: 'Windows 10', os.arch: 'amd64', os.version: '10.0', java.version: '11.0.15'
Driver info: org.openqa.selenium.chrome.ChromeDriver
Command: [9d16f273b92706335f0df014312c812c, findElement {value=#app &gt; div.sc-fAMvPz.hYmqKs &gt; div.sc-bvLVNa.emKVs &gt; div &gt; div.sc-jcpbFC.jrZGnu &gt; div.sc-kcrxFD.sc-kgDXlb.yMFRh.iweMUZ &gt; div.sc-humkjy.iIVYAb &gt; div &gt; div.sc-ZgWHV.eunnxU &gt; div:nth-child(1), using=css selector}]
Capabilities {acceptInsecureCerts: false, browserName: chrome-headless-shell, browserVersion: 124.0.6367.119, chrome: {chromedriverVersion: 124.0.6367.91 (51df0e5e17a8..., userDataDir: C:\Users\asus\AppData\Local...}, fedcm:accounts: true, goog:chromeOptions: {debuggerAddress: localhost:61219}, networkConnectionEnabled: false, pageLoadStrategy: normal, platformName: windows, proxy: Proxy(), se:cdp: ws://localhost:61219/devtoo..., se:cdpVersion: 124.0.6367.119, setWindowRect: true, strictFileInteractability: false, timeouts: {implicit: 0, pageLoad: 300000, script: 30000}, unhandledPromptBehavior: dismiss and notify, webauthn:extension:credBlob: true, webauthn:extension:largeBlob: true, webauthn:extension:minPinLength: true, webauthn:extension:prf: true, webauthn:virtualAuthenticators: true}
Session ID: 9d16f273b92706335f0df014312c812c
	at jdk.internal.reflect.GeneratedConstructorAccessor23.newInstance(Unknown Source)
	at java.base@11.0.15/jdk.internal.reflect.DelegatingConstructorAccessorImpl.newInstance(DelegatingConstructorAccessorImpl.java:45)
	at java.base@11.0.15/java.lang.reflect.Constructor.newInstance(Constructor.java:490)
	at app//org.openqa.selenium.remote.ErrorCodec.decode(ErrorCodec.java:167)
	at app//org.openqa.selenium.remote.codec.w3c.W3CHttpResponseCodec.decode(W3CHttpResponseCodec.java:138)
	at app//org.openqa.selenium.remote.codec.w3c.W3CHttpResponseCodec.decode(W3CHttpResponseCodec.java:50)
	at app//org.openqa.selenium.remote.HttpCommandExecutor.execute(HttpCommandExecutor.java:190)
	at app//org.openqa.selenium.remote.service.DriverCommandExecutor.invokeExecute(DriverCommandExecutor.java:216)
	at app//org.openqa.selenium.remote.service.DriverCommandExecutor.execute(DriverCommandExecutor.java:174)
	at app//org.openqa.selenium.remote.RemoteWebDriver.execute(RemoteWebDriver.java:518)
	at app//org.openqa.selenium.remote.ElementLocation$ElementFinder$2.findElement(ElementLocation.java:165)
	at app//org.openqa.selenium.remote.ElementLocation.findElement(ElementLocation.java:59)
	at app//org.openqa.selenium.remote.RemoteWebDriver.findElement(RemoteWebDriver.java:355)
	at app//org.openqa.selenium.remote.RemoteWebDriver.findElement(RemoteWebDriver.java:349)
	at app//org.openqa.selenium.support.pagefactory.DefaultElementLocator.findElement(DefaultElementLocator.java:68)
	at app//org.openqa.selenium.support.pagefactory.internal.LocatingElementHandler.invoke(LocatingElementHandler.java:38)
	at app//com.sun.proxy.$Proxy20.click(Unknown Source)
	at app//test.StudentTopUpTest.shouldChangeRubCurrency(StudentTopUpTest.java:114)
	at java.base@11.0.15/java.lang.reflect.Method.invoke(Method.java:566)
	at java.base@11.0.15/java.util.ArrayList.forEach(ArrayList.java:1541)
	at java.base@11.0.15/java.util.ArrayList.forEach(ArrayList.java:1541)
</pre>
</span>
</div>
</div>
<div id="tab1" class="tab">
<h2>Tests</h2>
<table>
<thead>
<tr>
<th>Test</th>
<th>Method name</th>
<th>Duration</th>
<th>Result</th>
</tr>
</thead>
<tr>
<td class="success">0. Enter Top Up Section Test</td>
<td class="success">enterTopUpSection()</td>
<td class="success">8.354s</td>
<td class="success">passed</td>
</tr>
<tr>
<td class="success">1. Share My Promocode Pop Up Appearence Test</td>
<td class="success">openMyPromoCodePopUp()</td>
<td class="success">0.696s</td>
<td class="success">passed</td>
</tr>
<tr>
<td class="failures">3. Changing Currency To Euro</td>
<td class="failures">shouldChangeEuroCurrency()</td>
<td class="failures">0.288s</td>
<td class="failures">failed</td>
</tr>
<tr>
<td class="failures">4. Changing Currency To Rub</td>
<td class="failures">shouldChangeRubCurrency()</td>
<td class="failures">0.424s</td>
<td class="failures">failed</td>
</tr>
<tr>
<td class="success">5. Changing Package To Familial</td>
<td class="success">shouldChangeToFamilyPackage()</td>
<td class="success">0.369s</td>
<td class="success">passed</td>
</tr>
<tr>
<td class="success">11. Changing Package To Spanish-speaking teacher</td>
<td class="success">shouldChangeToNativePackage()</td>
<td class="success">5.796s</td>
<td class="success">passed</td>
</tr>
<tr>
<td class="success">16. Changing Package To Ordinary Teacher</td>
<td class="success">shouldChangeToOrdinaryPackage()</td>
<td class="success">5.811s</td>
<td class="success">passed</td>
</tr>
<tr>
<td class="success">9. 16 Lessons Familial Package Payment Page</td>
<td class="success">shouldProceedToPayment16FamilialLessons()</td>
<td class="success">11.320s</td>
<td class="success">passed</td>
</tr>
<tr>
<td class="success">14. 16 Lessons Native Package Payment Page</td>
<td class="success">shouldProceedToPayment16NativelLessons()</td>
<td class="success">14.275s</td>
<td class="success">passed</td>
</tr>
<tr>
<td class="success">19. 16 Lessons Ordinary Package Payment Page</td>
<td class="success">shouldProceedToPayment16OrdinarylLessons()</td>
<td class="success">9.842s</td>
<td class="success">passed</td>
</tr>
<tr>
<td class="success">10. 32 Lessons Familial Package Payment Page</td>
<td class="success">shouldProceedToPayment32FamilialLessons()</td>
<td class="success">12.518s</td>
<td class="success">passed</td>
</tr>
<tr>
<td class="success">15. 32 Lessons Native Package Payment Page</td>
<td class="success">shouldProceedToPayment32NativelLessons()</td>
<td class="success">11.579s</td>
<td class="success">passed</td>
</tr>
<tr>
<td class="success">20. 32 Lessons Ordinary Package Payment Page</td>
<td class="success">shouldProceedToPayment32OrdinarylLessons()</td>
<td class="success">9.354s</td>
<td class="success">passed</td>
</tr>
<tr>
<td class="success">7. 4 Lessons Familial Package Payment Page</td>
<td class="success">shouldProceedToPayment4FamilialLessons()</td>
<td class="success">25.399s</td>
<td class="success">passed</td>
</tr>
<tr>
<td class="success">12. 4 Lessons Native Package Payment Page</td>
<td class="success">shouldProceedToPayment4NativelLessons()</td>
<td class="success">5.167s</td>
<td class="success">passed</td>
</tr>
<tr>
<td class="success">17. 4 Lessons Ordinary Package Payment Page</td>
<td class="success">shouldProceedToPayment4OrdinarylLessons()</td>
<td class="success">8.346s</td>
<td class="success">passed</td>
</tr>
<tr>
<td class="success">8. 8 Lessons Familial Package Payment Page</td>
<td class="success">shouldProceedToPayment8FamilialLessons()</td>
<td class="success">19.072s</td>
<td class="success">passed</td>
</tr>
<tr>
<td class="success">13. 8 Lessons Native Package Payment Page</td>
<td class="success">shouldProceedToPayment8NativelLessons()</td>
<td class="success">13.677s</td>
<td class="success">passed</td>
</tr>
<tr>
<td class="success">18. 8 Lessons Ordinary Package Payment Page</td>
<td class="success">shouldProceedToPayment8OrdinarylLessons()</td>
<td class="success">9.857s</td>
<td class="success">passed</td>
</tr>
<tr>
<td class="success">2. Send Promocode To Telegram</td>
<td class="success">shouldSendPromocodeToTelegram()</td>
<td class="success">1.143s</td>
<td class="success">passed</td>
</tr>
</table>
</div>
<div id="tab2" class="tab">
<h2>Standard output</h2>
<span class="code">
<pre>14:40:17.119 [Test worker] DEBUG io.github.bonigarcia.wdm.WebDriverManager - Using WebDriverManager 5.8.0
14:40:17.137 [Test worker] DEBUG io.github.bonigarcia.wdm.cache.ResolutionCache - Resolution chrome=124 in cache (valid until 15:33:11 06/05/2024 MSK)
14:40:17.138 [Test worker] DEBUG io.github.bonigarcia.wdm.cache.ResolutionCache - Resolution chrome124=124.0.6367.91 in cache (valid until 14:33:11 07/05/2024 MSK)
14:40:17.138 [Test worker] INFO io.github.bonigarcia.wdm.WebDriverManager - Using chromedriver 124.0.6367.91 (resolved driver for Chrome 124)
14:40:17.153 [Test worker] DEBUG io.github.bonigarcia.wdm.WebDriverManager - Driver chromedriver 124.0.6367.91 found in cache
14:40:17.154 [Test worker] INFO io.github.bonigarcia.wdm.WebDriverManager - Exporting webdriver.chrome.driver as C:\Users\asus\.cache\selenium\chromedriver\win64\124.0.6367.91\chromedriver.exe
</pre>
</span>
</div>
<div id="tab3" class="tab">
<h2>Standard error</h2>
<span class="code">
<pre>мая 06, 2024 2:40:29 PM org.openqa.selenium.devtools.CdpVersionFinder findNearestMatch
WARNING: Unable to find an exact match for CDP version 124, returning the closest version; found: 123; Please update to a Selenium version that supports CDP version 124
</pre>
</span>
</div>
</div>
<div id="footer">
<p>
<div>
<label class="hidden" id="label-for-line-wrapping-toggle" for="line-wrapping-toggle">Wrap lines
<input id="line-wrapping-toggle" type="checkbox" autocomplete="off"/>
</label>
</div>Generated by 
<a href="http://www.gradle.org">Gradle 7.4</a> at 6 мая 2024 г., 14:44:24</p>
</div>
</div>
</body>
</html>
