<!DOCTYPE html>
<html>
<head>
<meta http-equiv="Content-Type" content="text/html; charset=utf-8"/>
<meta http-equiv="x-ua-compatible" content="IE=edge"/>
<title>Test results - StudentsClassesPageTest</title>
<link href="../css/base-style.css" rel="stylesheet" type="text/css"/>
<link href="../css/style.css" rel="stylesheet" type="text/css"/>
<script src="../js/report.js" type="text/javascript"></script>
</head>
<body>
<div id="content">
<h1>StudentsClassesPageTest</h1>
<div class="breadcrumbs">
<a href="../index.html">all</a> &gt; 
<a href="../packages/test.html">test</a> &gt; StudentsClassesPageTest</div>
<div id="summary">
<table>
<tr>
<td>
<div class="summaryGroup">
<table>
<tr>
<td>
<div class="infoBox" id="tests">
<div class="counter">4</div>
<p>tests</p>
</div>
</td>
<td>
<div class="infoBox" id="failures">
<div class="counter">1</div>
<p>failures</p>
</div>
</td>
<td>
<div class="infoBox" id="ignored">
<div class="counter">0</div>
<p>ignored</p>
</div>
</td>
<td>
<div class="infoBox" id="duration">
<div class="counter">1m14.27s</div>
<p>duration</p>
</div>
</td>
</tr>
</table>
</div>
</td>
<td>
<div class="infoBox failures" id="successRate">
<div class="percent">75%</div>
<p>successful</p>
</div>
</td>
</tr>
</table>
</div>
<div id="tabs">
<ul class="tabLinks">
<li>
<a href="#tab0">Failed tests</a>
</li>
<li>
<a href="#tab1">Tests</a>
</li>
<li>
<a href="#tab2">Standard output</a>
</li>
<li>
<a href="#tab3">Standard error</a>
</li>
</ul>
<div id="tab0" class="tab">
<h2>Failed tests</h2>
<div class="test">
<a name="shouldCheckCurrentCoursePresence()"></a>
<h3 class="failures">1. Current Course Presence Test</h3>
<span class="code">
<pre>org.openqa.selenium.TimeoutException: Expected condition failed: waiting for visibility of Proxy element for: DefaultElementLocator 'By.cssSelector: #app &gt; div.sc-jMakVo.kQxfEz &gt; div.sc-iMTnTL.kzNFp &gt; div &gt; div.sc-jaXxmE.kyEfQS &gt; div.sc-ibQAlb.sc-hLLwan.fOjcKx &gt; div.sc-hwfkaJ.kIkgXG &gt; div:nth-child(1)' (tried for 60 second(s) with 500 milliseconds interval)
	at app//org.openqa.selenium.support.ui.WebDriverWait.timeoutException(WebDriverWait.java:84)
	at app//org.openqa.selenium.support.ui.FluentWait.until(FluentWait.java:228)
	at app//test.StudentsClassesPageTest.shouldCheckCurrentCoursePresence(StudentsClassesPageTest.java:52)
	at java.base@11.0.24/java.lang.reflect.Method.invoke(Method.java:566)
	at java.base@11.0.24/java.util.ArrayList.forEach(ArrayList.java:1541)
	at java.base@11.0.24/java.util.ArrayList.forEach(ArrayList.java:1541)
Caused by: org.openqa.selenium.NoSuchElementException: no such element: Unable to locate element: {&quot;method&quot;:&quot;css selector&quot;,&quot;selector&quot;:&quot;#app &gt; div.sc-jMakVo.kQxfEz &gt; div.sc-iMTnTL.kzNFp &gt; div &gt; div.sc-jaXxmE.kyEfQS &gt; div.sc-ibQAlb.sc-hLLwan.fOjcKx &gt; div.sc-hwfkaJ.kIkgXG &gt; div:nth-child(1)&quot;}
  (Session info: chrome=129.0.6668.71)
For documentation on this error, please visit: https://www.selenium.dev/documentation/webdriver/troubleshooting/errors#no-such-element-exception
Build info: version: '4.23.0', revision: '4df0a231af'
System info: os.name: 'Windows 11', os.arch: 'amd64', os.version: '10.0', java.version: '11.0.24'
Driver info: org.openqa.selenium.chrome.ChromeDriver
Command: [3bad2a13107755ae6f47f21250f188ec, findElement {using=css selector, value=#app &gt; div.sc-jMakVo.kQxfEz &gt; div.sc-iMTnTL.kzNFp &gt; div &gt; div.sc-jaXxmE.kyEfQS &gt; div.sc-ibQAlb.sc-hLLwan.fOjcKx &gt; div.sc-hwfkaJ.kIkgXG &gt; div:nth-child(1)}]
Capabilities {acceptInsecureCerts: false, browserName: chrome, browserVersion: 129.0.6668.71, chrome: {chromedriverVersion: 129.0.6668.70 (df87d5cf12b1..., userDataDir: C:\Users\admin\AppData\Loca...}, fedcm:accounts: true, goog:chromeOptions: {debuggerAddress: localhost:59562}, networkConnectionEnabled: false, pageLoadStrategy: normal, platformName: windows, proxy: Proxy(), se:cdp: ws://localhost:59562/devtoo..., se:cdpVersion: 129.0.6668.71, setWindowRect: true, strictFileInteractability: false, timeouts: {implicit: 0, pageLoad: 300000, script: 30000}, unhandledPromptBehavior: dismiss and notify, webauthn:extension:credBlob: true, webauthn:extension:largeBlob: true, webauthn:extension:minPinLength: true, webauthn:extension:prf: true, webauthn:virtualAuthenticators: true}
Session ID: 3bad2a13107755ae6f47f21250f188ec
	at jdk.internal.reflect.GeneratedConstructorAccessor25.newInstance(Unknown Source)
	at java.base@11.0.24/jdk.internal.reflect.DelegatingConstructorAccessorImpl.newInstance(DelegatingConstructorAccessorImpl.java:45)
	at java.base@11.0.24/java.lang.reflect.Constructor.newInstance(Constructor.java:490)
	at app//org.openqa.selenium.remote.ErrorCodec.decode(ErrorCodec.java:167)
	at app//org.openqa.selenium.remote.codec.w3c.W3CHttpResponseCodec.decode(W3CHttpResponseCodec.java:138)
	at app//org.openqa.selenium.remote.codec.w3c.W3CHttpResponseCodec.decode(W3CHttpResponseCodec.java:50)
	at app//org.openqa.selenium.remote.HttpCommandExecutor.execute(HttpCommandExecutor.java:190)
	at app//org.openqa.selenium.remote.service.DriverCommandExecutor.invokeExecute(DriverCommandExecutor.java:216)
	at app//org.openqa.selenium.remote.service.DriverCommandExecutor.execute(DriverCommandExecutor.java:174)
	at app//org.openqa.selenium.remote.RemoteWebDriver.execute(RemoteWebDriver.java:527)
	at app//org.openqa.selenium.remote.ElementLocation$ElementFinder$2.findElement(ElementLocation.java:165)
	at app//org.openqa.selenium.remote.ElementLocation.findElement(ElementLocation.java:59)
	at app//org.openqa.selenium.remote.RemoteWebDriver.findElement(RemoteWebDriver.java:357)
	at app//org.openqa.selenium.remote.RemoteWebDriver.findElement(RemoteWebDriver.java:351)
	at app//org.openqa.selenium.support.pagefactory.DefaultElementLocator.findElement(DefaultElementLocator.java:68)
	at app//org.openqa.selenium.support.pagefactory.internal.LocatingElementHandler.invoke(LocatingElementHandler.java:38)
	at app//com.sun.proxy.$Proxy20.isDisplayed(Unknown Source)
	at app//org.openqa.selenium.support.ui.ExpectedConditions.elementIfVisible(ExpectedConditions.java:304)
	at app//org.openqa.selenium.support.ui.ExpectedConditions$10.apply(ExpectedConditions.java:290)
	at app//org.openqa.selenium.support.ui.ExpectedConditions$10.apply(ExpectedConditions.java:287)
	at app//org.openqa.selenium.support.ui.FluentWait.until(FluentWait.java:203)
	... 4 more
</pre>
</span>
</div>
</div>
<div id="tab1" class="tab">
<h2>Tests</h2>
<table>
<thead>
<tr>
<th>Test</th>
<th>Method name</th>
<th>Duration</th>
<th>Result</th>
</tr>
</thead>
<tr>
<td class="success">3. All Courses Presence Test</td>
<td class="success">shouldCheckAllCoursesPresence()</td>
<td class="success">0.133s</td>
<td class="success">passed</td>
</tr>
<tr>
<td class="failures">1. Current Course Presence Test</td>
<td class="failures">shouldCheckCurrentCoursePresence()</td>
<td class="failures">1m10.03s</td>
<td class="failures">failed</td>
</tr>
<tr>
<td class="success">2. My Classes Presence Test</td>
<td class="success">shouldCheckMyClassesPresence()</td>
<td class="success">0.348s</td>
<td class="success">passed</td>
</tr>
<tr>
<td class="success">4. Passed Lesson Content Displaying</td>
<td class="success">shouldCheckPassedLessonDisplaying()</td>
<td class="success">3.754s</td>
<td class="success">passed</td>
</tr>
</table>
</div>
<div id="tab2" class="tab">
<h2>Standard output</h2>
<span class="code">
<pre>14:29:38.672 [Test worker] DEBUG io.github.bonigarcia.wdm.WebDriverManager - Using WebDriverManager 5.9.2
14:29:38.693 [Test worker] DEBUG io.github.bonigarcia.wdm.cache.ResolutionCache - Resolution chrome=129 in cache (valid until 14:35:38 01/10/2024 MSK)
14:29:38.695 [Test worker] DEBUG io.github.bonigarcia.wdm.cache.ResolutionCache - Resolution chrome129=129.0.6668.70 in cache (valid until 13:35:38 02/10/2024 MSK)
14:29:38.695 [Test worker] INFO io.github.bonigarcia.wdm.WebDriverManager - Using chromedriver 129.0.6668.70 (resolved driver for Chrome 129)
14:29:38.711 [Test worker] DEBUG io.github.bonigarcia.wdm.WebDriverManager - Driver chromedriver 129.0.6668.70 found in cache
14:29:38.715 [Test worker] INFO io.github.bonigarcia.wdm.WebDriverManager - Exporting webdriver.chrome.driver as C:\Users\admin\.cache\selenium\chromedriver\win64\129.0.6668.70\chromedriver.exe
</pre>
</span>
</div>
<div id="tab3" class="tab">
<h2>Standard error</h2>
<span class="code">
<pre>окт. 01, 2024 2:29:40 PM org.openqa.selenium.devtools.CdpVersionFinder findNearestMatch
WARNING: Unable to find an exact match for CDP version 129, returning the closest version; found: 127; Please update to a Selenium version that supports CDP version 129
</pre>
</span>
</div>
</div>
<div id="footer">
<p>
<div>
<label class="hidden" id="label-for-line-wrapping-toggle" for="line-wrapping-toggle">Wrap lines
<input id="line-wrapping-toggle" type="checkbox" autocomplete="off"/>
</label>
</div>Generated by 
<a href="http://www.gradle.org">Gradle 8.5</a> at 1 окт. 2024 г., 14:32:43</p>
</div>
</div>
</body>
</html>
